measure[BatchNorm]: i(1 3 224 224) cost(0.0238)
measure[BatchNorm]: i(1 64 112 112) cost(0.0224)
measure[BatchNorm]: i(1 64 56 56) cost(0.0056)
measure[BatchNorm]: i(1 128 28 28) cost(0.0045)
measure[BatchNorm]: i(1 256 14 14) cost(0.0045)
measure[BatchNorm]: i(1 512 7 7) cost(0.0046)
Found unsupported ONNX operator: Flatten (Skipped)
 original_cost = 2.068621873855591
[added by cxt] xfers.size():6
        cost[Conv2D]: i(1 3 224 224) w(64 3 7 7) s(2 2) p(0) cost(0.0728) total_cost(0.0966)
        cost[Activation]: mode(8) cost(0.0208) total_cost(0.1398)
        cost[Pool2D]: i(1 64 112 112) k(3 3) s(2 2) cost(0.0220) total_cost(0.1617)
        cost[Activation]: mode(8) cost(0.0072) total_cost(0.1745)
        cost[Conv2D]: i(1 64 56 56) w(64 64 3 3) s(1 1) p(0) cost(0.0789) total_cost(0.2533)
        cost[Conv2D]: i(1 64 56 56) w(64 64 1 1) s(1 1) p(0) cost(0.0264) total_cost(0.2797)
        cost[Activation]: mode(8) cost(0.0072) total_cost(0.2925)
        cost[Conv2D]: i(1 64 56 56) w(64 64 3 3) s(1 1) p(0) cost(0.0789) total_cost(0.3714)
        cost[Element]: cost(0.0182) total_cost(0.3895)
        cost[Activation]: mode(8) cost(0.0072) total_cost(0.4023)
        cost[Conv2D]: i(1 64 56 56) w(64 64 3 3) s(1 1) p(0) cost(0.0789) total_cost(0.4812)
        cost[Activation]: mode(8) cost(0.0072) total_cost(0.4939)
        cost[Conv2D]: i(1 64 56 56) w(64 64 3 3) s(1 1) p(0) cost(0.0789) total_cost(0.5728)
        cost[Element]: cost(0.0182) total_cost(0.5909)
        cost[Activation]: mode(8) cost(0.0072) total_cost(0.6037)
        cost[Conv2D]: i(1 64 56 56) w(128 64 3 3) s(2 2) p(0) cost(0.0713) total_cost(0.6750)
        cost[Conv2D]: i(1 64 56 56) w(128 64 1 1) s(2 2) p(0) cost(0.0201) total_cost(0.6951)
        cost[Activation]: mode(8) cost(0.0061) total_cost(0.7057)
        cost[Conv2D]: i(1 128 28 28) w(128 128 3 3) s(1 1) p(0) cost(0.0407) total_cost(0.7464)
        cost[Element]: cost(0.0063) total_cost(0.7527)
        cost[Activation]: mode(8) cost(0.0061) total_cost(0.7633)
        cost[Conv2D]: i(1 128 28 28) w(128 128 3 3) s(1 1) p(0) cost(0.0407) total_cost(0.8040)
        cost[Activation]: mode(8) cost(0.0061) total_cost(0.8146)
        cost[Conv2D]: i(1 128 28 28) w(128 128 3 3) s(1 1) p(0) cost(0.0407) total_cost(0.8553)
        cost[Element]: cost(0.0063) total_cost(0.8617)
        cost[Activation]: mode(8) cost(0.0061) total_cost(0.8722)
        cost[Conv2D]: i(1 128 28 28) w(256 128 3 3) s(2 2) p(0) cost(0.1274) total_cost(0.9996)
        cost[Conv2D]: i(1 128 28 28) w(256 128 1 1) s(2 2) p(0) cost(0.0276) total_cost(1.0272)
        cost[Activation]: mode(8) cost(0.0063) total_cost(1.0380)
        cost[Conv2D]: i(1 256 14 14) w(256 256 3 3) s(1 1) p(0) cost(0.0589) total_cost(1.0969)
        cost[Element]: cost(0.0055) total_cost(1.1025)
        cost[Activation]: mode(8) cost(0.0063) total_cost(1.1132)
        cost[Conv2D]: i(1 256 14 14) w(256 256 3 3) s(1 1) p(0) cost(0.0589) total_cost(1.1722)
        cost[Activation]: mode(8) cost(0.0063) total_cost(1.1829)
        cost[Conv2D]: i(1 256 14 14) w(256 256 3 3) s(1 1) p(0) cost(0.0589) total_cost(1.2419)
        cost[Element]: cost(0.0055) total_cost(1.2474)
        cost[Activation]: mode(8) cost(0.0063) total_cost(1.2582)
        cost[Conv2D]: i(1 256 14 14) w(512 256 3 3) s(2 2) p(0) cost(0.2636) total_cost(1.5217)
        cost[Conv2D]: i(1 256 14 14) w(512 256 1 1) s(2 2) p(0) cost(0.0434) total_cost(1.5651)
        cost[Activation]: mode(8) cost(0.0061) total_cost(1.5759)
        cost[Conv2D]: i(1 512 7 7) w(512 512 3 3) s(1 1) p(0) cost(0.1465) total_cost(1.7224)
        cost[Element]: cost(0.0106) total_cost(1.7329)
        cost[Activation]: mode(8) cost(0.0061) total_cost(1.7436)
        cost[Conv2D]: i(1 512 7 7) w(512 512 3 3) s(1 1) p(0) cost(0.1465) total_cost(1.8901)
        cost[Activation]: mode(8) cost(0.0061) total_cost(1.9008)
        cost[Conv2D]: i(1 512 7 7) w(512 512 3 3) s(1 1) p(0) cost(0.1465) total_cost(2.0473)
        cost[Element]: cost(0.0106) total_cost(2.0579)
        cost[Activation]: mode(8) cost(0.0061) total_cost(2.0686)
        Cost metrics: exe_time(2.0686) flops(6.8212) memory_access(276.3037) kernel_launches(67)

        ===== Start Cost-Based Backtracking Search =====
        [0] cost = 2.0686 bestCost = 2.0686 candidates.size() = 0
        [1] cost = 2.0184 bestCost = 2.0184 candidates.size() = 0
        ===== Finish Cost-Based Backtracking Search =====

        cost[Conv2D]: i(1 3 224 224) w(64 3 7 7) s(2 2) p(0) cost(0.0728) total_cost(0.0966)
        cost[Activation]: mode(8) cost(0.0208) total_cost(0.1398)
        cost[Pool2D]: i(1 64 112 112) k(3 3) s(2 2) cost(0.0220) total_cost(0.1617)
        cost[Activation]: mode(8) cost(0.0072) total_cost(0.1745)
        cost[Activation]: mode(8) cost(0.0072) total_cost(0.1872)
        cost[Conv2D]: i(1 64 56 56) w(64 64 3 3) s(1 1) p(0) cost(0.0789) total_cost(0.2661)
        cost[Element]: cost(0.0182) total_cost(0.2843)
        cost[Activation]: mode(8) cost(0.0072) total_cost(0.2970)
        cost[Conv2D]: i(1 64 56 56) w(64 64 3 3) s(1 1) p(0) cost(0.0789) total_cost(0.3759)
        cost[Activation]: mode(8) cost(0.0072) total_cost(0.3886)
        cost[Conv2D]: i(1 64 56 56) w(64 64 3 3) s(1 1) p(0) cost(0.0789) total_cost(0.4675)
        cost[Element]: cost(0.0182) total_cost(0.4857)
        cost[Activation]: mode(8) cost(0.0072) total_cost(0.4984)
        cost[Conv2D]: i(1 64 56 56) w(128 64 3 3) s(2 2) p(0) cost(0.0713) total_cost(0.5697)
        cost[Conv2D]: i(1 64 56 56) w(128 64 1 1) s(2 2) p(0) cost(0.0201) total_cost(0.5898)
        cost[Activation]: mode(8) cost(0.0061) total_cost(0.6004)
        cost[Conv2D]: i(1 128 28 28) w(128 128 3 3) s(1 1) p(0) cost(0.0407) total_cost(0.6411)
        cost[Element]: cost(0.0063) total_cost(0.6474)
        cost[Activation]: mode(8) cost(0.0061) total_cost(0.6580)
        cost[Conv2D]: i(1 128 28 28) w(128 128 3 3) s(1 1) p(0) cost(0.0407) total_cost(0.6987)
        cost[Activation]: mode(8) cost(0.0061) total_cost(0.7093)
        cost[Conv2D]: i(1 128 28 28) w(128 128 3 3) s(1 1) p(0) cost(0.0407) total_cost(0.7501)
        cost[Element]: cost(0.0063) total_cost(0.7564)
        cost[Activation]: mode(8) cost(0.0061) total_cost(0.7670)
        cost[Conv2D]: i(1 128 28 28) w(256 128 3 3) s(2 2) p(0) cost(0.1274) total_cost(0.8943)
        cost[Conv2D]: i(1 128 28 28) w(256 128 1 1) s(2 2) p(0) cost(0.0276) total_cost(0.9220)
        cost[Activation]: mode(8) cost(0.0063) total_cost(0.9327)
        cost[Conv2D]: i(1 256 14 14) w(256 256 3 3) s(1 1) p(0) cost(0.0589) total_cost(0.9917)
        cost[Element]: cost(0.0055) total_cost(0.9972)
        cost[Activation]: mode(8) cost(0.0063) total_cost(1.0079)
        cost[Conv2D]: i(1 256 14 14) w(256 256 3 3) s(1 1) p(0) cost(0.0589) total_cost(1.0669)
        cost[Activation]: mode(8) cost(0.0063) total_cost(1.0776)
        cost[Conv2D]: i(1 256 14 14) w(256 256 3 3) s(1 1) p(0) cost(0.0589) total_cost(1.1366)
        cost[Element]: cost(0.0055) total_cost(1.1421)
        cost[Activation]: mode(8) cost(0.0063) total_cost(1.1529)
        cost[Conv2D]: i(1 256 14 14) w(512 256 3 3) s(2 2) p(0) cost(0.2636) total_cost(1.4164)
        cost[Conv2D]: i(1 256 14 14) w(512 256 1 1) s(2 2) p(0) cost(0.0434) total_cost(1.4599)
        cost[Activation]: mode(8) cost(0.0061) total_cost(1.4706)
        cost[Conv2D]: i(1 512 7 7) w(512 512 3 3) s(1 1) p(0) cost(0.1465) total_cost(1.6171)
        cost[Element]: cost(0.0106) total_cost(1.6276)
        cost[Activation]: mode(8) cost(0.0061) total_cost(1.6383)
        cost[Conv2D]: i(1 512 7 7) w(512 512 3 3) s(1 1) p(0) cost(0.1465) total_cost(1.7848)
        cost[Activation]: mode(8) cost(0.0061) total_cost(1.7956)
        cost[Conv2D]: i(1 512 7 7) w(512 512 3 3) s(1 1) p(0) cost(0.1465) total_cost(1.9421)
        cost[Element]: cost(0.0106) total_cost(1.9526)
        cost[Activation]: mode(8) cost(0.0061) total_cost(1.9633)
        cost[Conv2D]: i(1 64 56 56) w(128 64 3 3) s(1 1) p(0) cost(0.0550) total_cost(2.0183)
        cost[Split]: numOutputs(2) cost(0.0000) total_cost(2.0183)
        Cost metrics: exe_time(2.0183) flops(7.2040) memory_access(273.7412) kernel_launches(66)
        ===== Applied Substitutions =====

        substitution[000]: 
            srcOp[0]: Conv_207
            srcOp[1]: Conv_206
            dstOp[0]: Enlarge_266
            dstOp[1]: Concat_267
            dstOp[2]: Conv_268
            dstOp[3]: Split_269
optimized_cost = 2.0183167457580566

